#
# There is insufficient memory for the Java Runtime Environment to continue.
# Native memory allocation (malloc) failed to allocate 1099376 bytes for Chunk::new
# Possible reasons:
#   The system is out of physical RAM or swap space
#   The process is running with CompressedOops enabled, and the Java Heap may be blocking the growth of the native heap
# Possible solutions:
#   Reduce memory load on the system
#   Increase physical memory or swap space
#   Check if swap backing store is full
#   Decrease Java heap size (-Xmx/-Xms)
#   Decrease number of Java threads
#   Decrease Java thread stack sizes (-Xss)
#   Set larger code cache with -XX:ReservedCodeCacheSize=
#   JVM is running with Unscaled Compressed Oops mode in which the Java heap is
#     placed in the first 4GB address space. The Java Heap base address is the
#     maximum limit for the native heap growth. Please use -XX:HeapBaseMinAddress
#     to set the Java Heap base and to place the Java Heap above 4GB virtual address.
# This output file may be truncated or incomplete.
#
#  Out of Memory Error (arena.cpp:191), pid=24020, tid=43300
#
# JRE version: OpenJDK Runtime Environment (17.0.10) (build 17.0.10+0--11572160)
# Java VM: OpenJDK 64-Bit Server VM (17.0.10+0--11572160, mixed mode, tiered, compressed oops, compressed class ptrs, g1 gc, windows-amd64)
# No core dump will be written. Minidumps are not enabled by default on client versions of Windows
#

---------------  S U M M A R Y ------------

Command Line: --add-opens=java.base/java.util=ALL-UNNAMED --add-opens=java.base/java.lang=ALL-UNNAMED --add-opens=java.base/java.lang.invoke=ALL-UNNAMED --add-opens=java.prefs/java.util.prefs=ALL-UNNAMED --add-opens=java.base/java.nio.charset=ALL-UNNAMED --add-opens=java.base/java.net=ALL-UNNAMED --add-opens=java.base/java.util.concurrent.atomic=ALL-UNNAMED -Xmx2048m -Dfile.encoding=UTF-8 -Duser.country=CA -Duser.language=en -Duser.variant -javaagent:C:\Users\lil-r\.gradle\wrapper\dists\gradle-8.6-bin\afr5mpiioh2wthjmwnkmdsd5w\gradle-8.6\lib\agents\gradle-instrumentation-agent-8.6.jar org.gradle.launcher.daemon.bootstrap.GradleDaemon 8.6

Host: 11th Gen Intel(R) Core(TM) i7-11370H @ 3.30GHz, 8 cores, 15G,  Windows 11 , 64 bit Build 22621 (10.0.22621.3527)
Time: Tue Jun 11 10:00:17 2024 Eastern Daylight Time elapsed time: 11.114196 seconds (0d 0h 0m 11s)

---------------  T H R E A D  ---------------

Current thread (0x000001bfae9b8d90):  JavaThread "C2 CompilerThread0" daemon [_thread_in_native, id=43300, stack(0x000000959be00000,0x000000959bf00000)]


Current CompileTask:
C2:  11114 5125       4       java.security.SecureClassLoader::defineClass (16 bytes)

Stack: [0x000000959be00000,0x000000959bf00000]
Native frames: (J=compiled Java code, j=interpreted, Vv=VM code, C=native code)
V  [jvm.dll+0x688e89]
V  [jvm.dll+0x84247a]
V  [jvm.dll+0x8440be]
V  [jvm.dll+0x844723]
V  [jvm.dll+0x24be0f]
V  [jvm.dll+0xac524]
V  [jvm.dll+0xacb6c]
V  [jvm.dll+0x36bd12]
V  [jvm.dll+0x33615a]
V  [jvm.dll+0x3355fa]
V  [jvm.dll+0x21daa1]
V  [jvm.dll+0x21cec1]
V  [jvm.dll+0x1a60ad]
V  [jvm.dll+0x22cd78]
V  [jvm.dll+0x22aeb0]
V  [jvm.dll+0x7f6917]
V  [jvm.dll+0x7f0d1a]
V  [jvm.dll+0x687d05]
C  [ucrtbase.dll+0x29333]
C  [KERNEL32.DLL+0x1257d]
C  [ntdll.dll+0x5aa48]


---------------  P R O C E S S  ---------------

Threads class SMR info:
_java_thread_list=0x000001bfb6003470, length=36, elements={
0x000001bf94a58030, 0x000001bfae973260, 0x000001bfae975d40, 0x000001bfae9ad3a0,
0x000001bfae9ae280, 0x000001bfae9b2f80, 0x000001bfae9b7f80, 0x000001bfae9b8d90,
0x000001bfae9b9ac0, 0x000001bfae9c8210, 0x000001bfaead0630, 0x000001bfb30180b0,
0x000001bfb4d7f580, 0x000001bfb38cb340, 0x000001bfb3c40550, 0x000001bfb384a9c0,
0x000001bfb3849a90, 0x000001bfb3849fa0, 0x000001bfb384a4b0, 0x000001bfb384b3e0,
0x000001bfb384b8f0, 0x000001bfb3849580, 0x000001bfb3848b60, 0x000001bfb3849070,
0x000001bfb5ccceb0, 0x000001bfb4e2b430, 0x000001bfb5cd0660, 0x000001bfb5cd1590,
0x000001bfb5cce800, 0x000001bfb5ccb560, 0x000001bfb5ccf730, 0x000001bfb5cd29d0,
0x000001bfb5cd0150, 0x000001bfb5cd1aa0, 0x000001bfb5cd0b70, 0x000001bfb5cd2ee0
}

Java Threads: ( => current thread )
  0x000001bf94a58030 JavaThread "main" [_thread_blocked, id=2100, stack(0x000000959b000000,0x000000959b100000)]
  0x000001bfae973260 JavaThread "Reference Handler" daemon [_thread_blocked, id=6100, stack(0x000000959b800000,0x000000959b900000)]
  0x000001bfae975d40 JavaThread "Finalizer" daemon [_thread_blocked, id=16096, stack(0x000000959b900000,0x000000959ba00000)]
  0x000001bfae9ad3a0 JavaThread "Signal Dispatcher" daemon [_thread_blocked, id=8900, stack(0x000000959ba00000,0x000000959bb00000)]
  0x000001bfae9ae280 JavaThread "Attach Listener" daemon [_thread_blocked, id=42888, stack(0x000000959bb00000,0x000000959bc00000)]
  0x000001bfae9b2f80 JavaThread "Service Thread" daemon [_thread_blocked, id=36352, stack(0x000000959bc00000,0x000000959bd00000)]
  0x000001bfae9b7f80 JavaThread "Monitor Deflation Thread" daemon [_thread_blocked, id=42924, stack(0x000000959bd00000,0x000000959be00000)]
=>0x000001bfae9b8d90 JavaThread "C2 CompilerThread0" daemon [_thread_in_native, id=43300, stack(0x000000959be00000,0x000000959bf00000)]
  0x000001bfae9b9ac0 JavaThread "C1 CompilerThread0" daemon [_thread_blocked, id=11316, stack(0x000000959bf00000,0x000000959c000000)]
  0x000001bfae9c8210 JavaThread "Sweeper thread" daemon [_thread_blocked, id=1260, stack(0x000000959c000000,0x000000959c100000)]
  0x000001bfaead0630 JavaThread "Common-Cleaner" daemon [_thread_blocked, id=28632, stack(0x000000959c100000,0x000000959c200000)]
  0x000001bfb30180b0 JavaThread "Notification Thread" daemon [_thread_blocked, id=42484, stack(0x000000959c200000,0x000000959c300000)]
  0x000001bfb4d7f580 JavaThread "Daemon health stats" [_thread_blocked, id=25536, stack(0x000000959ca00000,0x000000959cb00000)]
  0x000001bfb38cb340 JavaThread "Incoming local TCP Connector on port 50304" [_thread_in_native, id=1904, stack(0x000000959cb00000,0x000000959cc00000)]
  0x000001bfb3c40550 JavaThread "Daemon periodic checks" [_thread_blocked, id=39556, stack(0x000000959cc00000,0x000000959cd00000)]
  0x000001bfb384a9c0 JavaThread "Daemon" [_thread_blocked, id=9744, stack(0x000000959cd00000,0x000000959ce00000)]
  0x000001bfb3849a90 JavaThread "Handler for socket connection from /127.0.0.1:50304 to /127.0.0.1:50306" [_thread_in_native, id=39776, stack(0x000000959ce00000,0x000000959cf00000)]
  0x000001bfb3849fa0 JavaThread "Cancel handler" [_thread_blocked, id=38404, stack(0x000000959cf00000,0x000000959d000000)]
  0x000001bfb384a4b0 JavaThread "Daemon worker" [_thread_in_native, id=14456, stack(0x000000959d000000,0x000000959d100000)]
  0x000001bfb384b3e0 JavaThread "Asynchronous log dispatcher for DefaultDaemonConnection: socket connection from /127.0.0.1:50304 to /127.0.0.1:50306" [_thread_blocked, id=32240, stack(0x000000959d100000,0x000000959d200000)]
  0x000001bfb384b8f0 JavaThread "Stdin handler" [_thread_blocked, id=29592, stack(0x000000959d200000,0x000000959d300000)]
  0x000001bfb3849580 JavaThread "Daemon client event forwarder" [_thread_blocked, id=19268, stack(0x000000959d300000,0x000000959d400000)]
  0x000001bfb3848b60 JavaThread "Cache worker for journal cache (C:\Users\lil-r\.gradle\caches\journal-1)" [_thread_blocked, id=39088, stack(0x000000959d600000,0x000000959d700000)]
  0x000001bfb3849070 JavaThread "File lock request listener" [_thread_in_native, id=14308, stack(0x000000959d700000,0x000000959d800000)]
  0x000001bfb5ccceb0 JavaThread "Cache worker for file hash cache (C:\Users\lil-r\.gradle\caches\8.6\fileHashes)" [_thread_blocked, id=41068, stack(0x000000959d800000,0x000000959d900000)]
  0x000001bfb4e2b430 JavaThread "C2 CompilerThread1" daemon [_thread_blocked, id=23612, stack(0x000000959d900000,0x000000959da00000)]
  0x000001bfb5cd0660 JavaThread "File watcher server" daemon [_thread_in_native, id=25800, stack(0x000000959da00000,0x000000959db00000)]
  0x000001bfb5cd1590 JavaThread "File watcher consumer" daemon [_thread_blocked, id=19576, stack(0x000000959db00000,0x000000959dc00000)]
  0x000001bfb5cce800 JavaThread "Cache worker for checksums cache (C:\Users\lil-r\AndroidStudioProjects\Compose_new_practice_MVVM\.gradle\8.6\checksums)" [_thread_blocked, id=36264, stack(0x000000959dc00000,0x000000959dd00000)]
  0x000001bfb5ccb560 JavaThread "Cache worker for file hash cache (C:\Users\lil-r\AndroidStudioProjects\Compose_new_practice_MVVM\.gradle\8.6\fileHashes)" [_thread_blocked, id=16748, stack(0x000000959dd00000,0x000000959de00000)]
  0x000001bfb5ccf730 JavaThread "Cache worker for cache directory md-supplier (C:\Users\lil-r\.gradle\caches\8.6\md-supplier)" [_thread_blocked, id=28128, stack(0x000000959de00000,0x000000959df00000)]
  0x000001bfb5cd29d0 JavaThread "Cache worker for cache directory md-rule (C:\Users\lil-r\.gradle\caches\8.6\md-rule)" [_thread_blocked, id=2684, stack(0x000000959df00000,0x000000959e000000)]
  0x000001bfb5cd0150 JavaThread "Cache worker for file content cache (C:\Users\lil-r\.gradle\caches\8.6\fileContent)" [_thread_blocked, id=6908, stack(0x000000959e000000,0x000000959e100000)]
  0x000001bfb5cd1aa0 JavaThread "jar transforms" [_thread_blocked, id=21976, stack(0x000000959e100000,0x000000959e200000)]
  0x000001bfb5cd0b70 JavaThread "jar transforms Thread 2" [_thread_blocked, id=36992, stack(0x000000959e200000,0x000000959e300000)]
  0x000001bfb5cd2ee0 JavaThread "jar transforms Thread 3" [_thread_blocked, id=1332, stack(0x000000959e300000,0x000000959e400000)]

Other Threads:
  0x000001bfae2598c0 VMThread "VM Thread" [stack: 0x000000959b700000,0x000000959b800000] [id=36812]
  0x000001bf94a58bc0 WatcherThread [stack: 0x000000959c300000,0x000000959c400000] [id=21632]
  0x000001bf94ab4760 GCTaskThread "GC Thread#0" [stack: 0x000000959b200000,0x000000959b300000] [id=6552]
  0x000001bfb3e42cc0 GCTaskThread "GC Thread#1" [stack: 0x000000959c500000,0x000000959c600000] [id=14724]
  0x000001bfb3e42f80 GCTaskThread "GC Thread#2" [stack: 0x000000959c600000,0x000000959c700000] [id=36636]
  0x000001bfb3932890 GCTaskThread "GC Thread#3" [stack: 0x000000959c700000,0x000000959c800000] [id=25688]
  0x000001bfb3bf8110 GCTaskThread "GC Thread#4" [stack: 0x000000959c800000,0x000000959c900000] [id=1808]
  0x000001bfb3bb7fe0 GCTaskThread "GC Thread#5" [stack: 0x000000959c900000,0x000000959ca00000] [id=42736]
  0x000001bfb51453c0 GCTaskThread "GC Thread#6" [stack: 0x000000959c400000,0x000000959c500000] [id=26136]
  0x000001bfb5145100 GCTaskThread "GC Thread#7" [stack: 0x000000959d400000,0x000000959d500000] [id=7516]
  0x000001bf94ac57a0 ConcurrentGCThread "G1 Main Marker" [stack: 0x000000959b300000,0x000000959b400000] [id=23944]
  0x000001bf94ac60d0 ConcurrentGCThread "G1 Conc#0" [stack: 0x000000959b400000,0x000000959b500000] [id=15704]
  0x000001bfb5145940 ConcurrentGCThread "G1 Conc#1" [stack: 0x000000959d500000,0x000000959d600000] [id=41340]
  0x000001bfae14a8f0 ConcurrentGCThread "G1 Refine#0" [stack: 0x000000959b500000,0x000000959b600000] [id=19904]
  0x000001bfae14b230 ConcurrentGCThread "G1 Service" [stack: 0x000000959b600000,0x000000959b700000] [id=14820]

Threads with active compile tasks:
C2 CompilerThread0    11147 5125       4       java.security.SecureClassLoader::defineClass (16 bytes)

VM state: not at safepoint (normal execution)

VM Mutex/Monitor currently owned by a thread: None

Heap address: 0x0000000080000000, size: 2048 MB, Compressed Oops mode: 32-bit

CDS archive(s) not mapped
Compressed class space mapped at: 0x0000000100000000-0x0000000140000000, reserved size: 1073741824
Narrow klass base: 0x0000000000000000, Narrow klass shift: 3, Narrow klass range: 0x140000000

GC Precious Log:
 CPUs: 8 total, 8 available
 Memory: 16179M
 Large Page Support: Disabled
 NUMA Support: Disabled
 Compressed Oops: Enabled (32-bit)
 Heap Region Size: 1M
 Heap Min Capacity: 8M
 Heap Initial Capacity: 254M
 Heap Max Capacity: 2G
 Pre-touch: Disabled
 Parallel Workers: 8
 Concurrent Workers: 2
 Concurrent Refinement Workers: 8
 Periodic GC: Disabled

Heap:
 garbage-first heap   total 86016K, used 55593K [0x0000000080000000, 0x0000000100000000)
  region size 1024K, 21 young (21504K), 3 survivors (3072K)
 Metaspace       used 59951K, committed 60416K, reserved 1114112K
  class space    used 8071K, committed 8256K, reserved 1048576K

Heap Regions: E=young(eden), S=young(survivor), O=old, HS=humongous(starts), HC=humongous(continues), CS=collection set, F=free, OA=open archive, CA=closed archive, TAMS=top-at-mark-start (previous, next)
|   0|0x0000000080000000, 0x0000000080100000, 0x0000000080100000|100%|HS|  |TAMS 0x0000000080100000, 0x0000000080000000| Complete 
|   1|0x0000000080100000, 0x0000000080200000, 0x0000000080200000|100%|HC|  |TAMS 0x0000000080200000, 0x0000000080100000| Complete 
|   2|0x0000000080200000, 0x0000000080300000, 0x0000000080300000|100%|HC|  |TAMS 0x0000000080300000, 0x0000000080200000| Complete 
|   3|0x0000000080300000, 0x0000000080400000, 0x0000000080400000|100%|HC|  |TAMS 0x0000000080400000, 0x0000000080300000| Complete 
|   4|0x0000000080400000, 0x0000000080500000, 0x0000000080500000|100%| O|  |TAMS 0x0000000080500000, 0x0000000080400000| Untracked 
|   5|0x0000000080500000, 0x0000000080600000, 0x0000000080600000|100%| O|  |TAMS 0x0000000080600000, 0x0000000080500000| Untracked 
|   6|0x0000000080600000, 0x0000000080700000, 0x0000000080700000|100%| O|  |TAMS 0x0000000080700000, 0x0000000080600000| Untracked 
|   7|0x0000000080700000, 0x0000000080800000, 0x0000000080800000|100%| O|  |TAMS 0x0000000080800000, 0x0000000080700000| Untracked 
|   8|0x0000000080800000, 0x0000000080900000, 0x0000000080900000|100%| O|  |TAMS 0x0000000080900000, 0x0000000080800000| Untracked 
|   9|0x0000000080900000, 0x0000000080a00000, 0x0000000080a00000|100%| O|  |TAMS 0x0000000080a00000, 0x0000000080900000| Untracked 
|  10|0x0000000080a00000, 0x0000000080ad5800, 0x0000000080b00000| 83%| O|  |TAMS 0x0000000080ad5800, 0x0000000080a00000| Untracked 
|  11|0x0000000080b00000, 0x0000000080c00000, 0x0000000080c00000|100%| O|  |TAMS 0x0000000080c00000, 0x0000000080b00000| Untracked 
|  12|0x0000000080c00000, 0x0000000080d00000, 0x0000000080d00000|100%| O|  |TAMS 0x0000000080d00000, 0x0000000080c00000| Untracked 
|  13|0x0000000080d00000, 0x0000000080e00000, 0x0000000080e00000|100%| O|  |TAMS 0x0000000080e00000, 0x0000000080d00000| Untracked 
|  14|0x0000000080e00000, 0x0000000080f00000, 0x0000000080f00000|100%| O|  |TAMS 0x0000000080f00000, 0x0000000080e00000| Untracked 
|  15|0x0000000080f00000, 0x0000000081000000, 0x0000000081000000|100%| O|  |TAMS 0x0000000081000000, 0x0000000080f00000| Untracked 
|  16|0x0000000081000000, 0x0000000081100000, 0x0000000081100000|100%| O|  |TAMS 0x0000000081100000, 0x0000000081000000| Untracked 
|  17|0x0000000081100000, 0x0000000081200000, 0x0000000081200000|100%| O|  |TAMS 0x0000000081200000, 0x0000000081100000| Untracked 
|  18|0x0000000081200000, 0x0000000081300000, 0x0000000081300000|100%| O|  |TAMS 0x0000000081300000, 0x0000000081200000| Untracked 
|  19|0x0000000081300000, 0x0000000081400000, 0x0000000081400000|100%| O|  |TAMS 0x0000000081400000, 0x0000000081300000| Untracked 
|  20|0x0000000081400000, 0x0000000081500000, 0x0000000081500000|100%| O|  |TAMS 0x0000000081500000, 0x0000000081400000| Untracked 
|  21|0x0000000081500000, 0x0000000081600000, 0x0000000081600000|100%| O|  |TAMS 0x0000000081600000, 0x0000000081500000| Untracked 
|  22|0x0000000081600000, 0x0000000081700000, 0x0000000081700000|100%| O|  |TAMS 0x0000000081700000, 0x0000000081600000| Untracked 
|  23|0x0000000081700000, 0x0000000081800000, 0x0000000081800000|100%| O|  |TAMS 0x0000000081800000, 0x0000000081700000| Untracked 
|  24|0x0000000081800000, 0x0000000081900000, 0x0000000081900000|100%| O|  |TAMS 0x0000000081900000, 0x0000000081800000| Untracked 
|  25|0x0000000081900000, 0x0000000081a00000, 0x0000000081a00000|100%| O|  |TAMS 0x0000000081a00000, 0x0000000081900000| Untracked 
|  26|0x0000000081a00000, 0x0000000081b00000, 0x0000000081b00000|100%| O|  |TAMS 0x0000000081b00000, 0x0000000081a00000| Untracked 
|  27|0x0000000081b00000, 0x0000000081c00000, 0x0000000081c00000|100%| O|  |TAMS 0x0000000081c00000, 0x0000000081b00000| Untracked 
|  28|0x0000000081c00000, 0x0000000081d00000, 0x0000000081d00000|100%| O|  |TAMS 0x0000000081d00000, 0x0000000081c00000| Untracked 
|  29|0x0000000081d00000, 0x0000000081e00000, 0x0000000081e00000|100%| O|  |TAMS 0x0000000081e00000, 0x0000000081d00000| Untracked 
|  30|0x0000000081e00000, 0x0000000081f00000, 0x0000000081f00000|100%| O|  |TAMS 0x0000000081f00000, 0x0000000081e00000| Untracked 
|  31|0x0000000081f00000, 0x0000000082000000, 0x0000000082000000|100%| O|  |TAMS 0x0000000082000000, 0x0000000081f00000| Untracked 
|  32|0x0000000082000000, 0x0000000082100000, 0x0000000082100000|100%| O|  |TAMS 0x0000000082100000, 0x0000000082000000| Untracked 
|  33|0x0000000082100000, 0x0000000082200000, 0x0000000082200000|100%| O|  |TAMS 0x0000000082100000, 0x0000000082100000| Untracked 
|  34|0x0000000082200000, 0x0000000082200000, 0x0000000082300000|  0%| F|  |TAMS 0x0000000082200000, 0x0000000082200000| Untracked 
|  35|0x0000000082300000, 0x0000000082300000, 0x0000000082400000|  0%| F|  |TAMS 0x0000000082300000, 0x0000000082300000| Untracked 
|  36|0x0000000082400000, 0x0000000082500000, 0x0000000082500000|100%| O|  |TAMS 0x0000000082400000, 0x0000000082400000| Untracked 
|  37|0x0000000082500000, 0x0000000082539400, 0x0000000082600000| 22%| O|  |TAMS 0x0000000082500000, 0x0000000082500000| Untracked 
|  38|0x0000000082600000, 0x0000000082600000, 0x0000000082700000|  0%| F|  |TAMS 0x0000000082600000, 0x0000000082600000| Untracked 
|  39|0x0000000082700000, 0x0000000082700000, 0x0000000082800000|  0%| F|  |TAMS 0x0000000082700000, 0x0000000082700000| Untracked 
|  40|0x0000000082800000, 0x0000000082800000, 0x0000000082900000|  0%| F|  |TAMS 0x0000000082800000, 0x0000000082800000| Untracked 
|  41|0x0000000082900000, 0x0000000082900000, 0x0000000082a00000|  0%| F|  |TAMS 0x0000000082900000, 0x0000000082900000| Untracked 
|  42|0x0000000082a00000, 0x0000000082a00000, 0x0000000082b00000|  0%| F|  |TAMS 0x0000000082a00000, 0x0000000082a00000| Untracked 
|  43|0x0000000082b00000, 0x0000000082b3bbc8, 0x0000000082c00000| 23%| S|CS|TAMS 0x0000000082b00000, 0x0000000082b00000| Complete 
|  44|0x0000000082c00000, 0x0000000082d00000, 0x0000000082d00000|100%| S|CS|TAMS 0x0000000082c00000, 0x0000000082c00000| Complete 
|  45|0x0000000082d00000, 0x0000000082e00000, 0x0000000082e00000|100%| S|CS|TAMS 0x0000000082d00000, 0x0000000082d00000| Complete 
|  46|0x0000000082e00000, 0x0000000082e00000, 0x0000000082f00000|  0%| F|  |TAMS 0x0000000082e00000, 0x0000000082e00000| Untracked 
|  47|0x0000000082f00000, 0x0000000082f00000, 0x0000000083000000|  0%| F|  |TAMS 0x0000000082f00000, 0x0000000082f00000| Untracked 
|  48|0x0000000083000000, 0x0000000083000000, 0x0000000083100000|  0%| F|  |TAMS 0x0000000083000000, 0x0000000083000000| Untracked 
|  49|0x0000000083100000, 0x0000000083100000, 0x0000000083200000|  0%| F|  |TAMS 0x0000000083100000, 0x0000000083100000| Untracked 
|  50|0x0000000083200000, 0x0000000083200000, 0x0000000083300000|  0%| F|  |TAMS 0x0000000083200000, 0x0000000083200000| Untracked 
|  51|0x0000000083300000, 0x0000000083300000, 0x0000000083400000|  0%| F|  |TAMS 0x0000000083300000, 0x0000000083300000| Untracked 
|  52|0x0000000083400000, 0x0000000083400000, 0x0000000083500000|  0%| F|  |TAMS 0x0000000083400000, 0x0000000083400000| Untracked 
|  53|0x0000000083500000, 0x0000000083500000, 0x0000000083600000|  0%| F|  |TAMS 0x0000000083500000, 0x0000000083500000| Untracked 
|  54|0x0000000083600000, 0x0000000083600000, 0x0000000083700000|  0%| F|  |TAMS 0x0000000083600000, 0x0000000083600000| Untracked 
|  55|0x0000000083700000, 0x0000000083700000, 0x0000000083800000|  0%| F|  |TAMS 0x0000000083700000, 0x0000000083700000| Untracked 
|  56|0x0000000083800000, 0x0000000083800000, 0x0000000083900000|  0%| F|  |TAMS 0x0000000083800000, 0x0000000083800000| Untracked 
|  57|0x0000000083900000, 0x0000000083900000, 0x0000000083a00000|  0%| F|  |TAMS 0x0000000083900000, 0x0000000083900000| Untracked 
|  58|0x0000000083a00000, 0x0000000083a00000, 0x0000000083b00000|  0%| F|  |TAMS 0x0000000083a00000, 0x0000000083a00000| Untracked 
|  59|0x0000000083b00000, 0x0000000083b00000, 0x0000000083c00000|  0%| F|  |TAMS 0x0000000083b00000, 0x0000000083b00000| Untracked 
|  60|0x0000000083c00000, 0x0000000083c00000, 0x0000000083d00000|  0%| F|  |TAMS 0x0000000083c00000, 0x0000000083c00000| Untracked 
|  61|0x0000000083d00000, 0x0000000083d00000, 0x0000000083e00000|  0%| F|  |TAMS 0x0000000083d00000, 0x0000000083d00000| Untracked 
|  62|0x0000000083e00000, 0x0000000083e00000, 0x0000000083f00000|  0%| F|  |TAMS 0x0000000083e00000, 0x0000000083e00000| Untracked 
|  63|0x0000000083f00000, 0x0000000083f00000, 0x0000000084000000|  0%| F|  |TAMS 0x0000000083f00000, 0x0000000083f00000| Untracked 
|  64|0x0000000084000000, 0x0000000084000000, 0x0000000084100000|  0%| F|  |TAMS 0x0000000084000000, 0x0000000084000000| Untracked 
|  65|0x0000000084100000, 0x0000000084100000, 0x0000000084200000|  0%| F|  |TAMS 0x0000000084100000, 0x0000000084100000| Untracked 
|  66|0x0000000084200000, 0x0000000084209440, 0x0000000084300000|  3%| E|  |TAMS 0x0000000084200000, 0x0000000084200000| Complete 
|  67|0x0000000084300000, 0x0000000084400000, 0x0000000084400000|100%| E|CS|TAMS 0x0000000084300000, 0x0000000084300000| Complete 
|  68|0x0000000084400000, 0x0000000084500000, 0x0000000084500000|100%| E|CS|TAMS 0x0000000084400000, 0x0000000084400000| Complete 
|  69|0x0000000084500000, 0x0000000084600000, 0x0000000084600000|100%| E|CS|TAMS 0x0000000084500000, 0x0000000084500000| Complete 
|  70|0x0000000084600000, 0x0000000084700000, 0x0000000084700000|100%| E|CS|TAMS 0x0000000084600000, 0x0000000084600000| Complete 
|  71|0x0000000084700000, 0x0000000084800000, 0x0000000084800000|100%| E|CS|TAMS 0x0000000084700000, 0x0000000084700000| Complete 
|  72|0x0000000084800000, 0x0000000084900000, 0x0000000084900000|100%| E|CS|TAMS 0x0000000084800000, 0x0000000084800000| Complete 
|  73|0x0000000084900000, 0x0000000084a00000, 0x0000000084a00000|100%| E|CS|TAMS 0x0000000084900000, 0x0000000084900000| Complete 
| 193|0x000000008c100000, 0x000000008c200000, 0x000000008c200000|100%| E|CS|TAMS 0x000000008c100000, 0x000000008c100000| Complete 
| 194|0x000000008c200000, 0x000000008c300000, 0x000000008c300000|100%| E|CS|TAMS 0x000000008c200000, 0x000000008c200000| Complete 
| 195|0x000000008c300000, 0x000000008c400000, 0x000000008c400000|100%| E|CS|TAMS 0x000000008c300000, 0x000000008c300000| Complete 
| 196|0x000000008c400000, 0x000000008c500000, 0x000000008c500000|100%| E|CS|TAMS 0x000000008c400000, 0x000000008c400000| Complete 
| 197|0x000000008c500000, 0x000000008c600000, 0x000000008c600000|100%| E|CS|TAMS 0x000000008c500000, 0x000000008c500000| Complete 
| 198|0x000000008c600000, 0x000000008c700000, 0x000000008c700000|100%| E|CS|TAMS 0x000000008c600000, 0x000000008c600000| Complete 
| 199|0x000000008c700000, 0x000000008c800000, 0x000000008c800000|100%| E|CS|TAMS 0x000000008c700000, 0x000000008c700000| Complete 
| 200|0x000000008c800000, 0x000000008c900000, 0x000000008c900000|100%| E|CS|TAMS 0x000000008c800000, 0x000000008c800000| Complete 
| 201|0x000000008c900000, 0x000000008ca00000, 0x000000008ca00000|100%| E|CS|TAMS 0x000000008c900000, 0x000000008c900000| Complete 
| 253|0x000000008fd00000, 0x000000008fe00000, 0x000000008fe00000|100%| E|CS|TAMS 0x000000008fd00000, 0x000000008fd00000| Complete 

Card table byte_map: [0x000001bfa7640000,0x000001bfa7a40000] _byte_map_base: 0x000001bfa7240000

Marking Bits (Prev, Next): (CMBitMap*) 0x000001bf94ab4c90, (CMBitMap*) 0x000001bf94ab4cd0
 Prev Bits: [0x000001bfa7e40000, 0x000001bfa9e40000)
 Next Bits: [0x000001bfa9e40000, 0x000001bfabe40000)

Polling page: 0x000001bf929f0000

Metaspace:

Usage:
  Non-class:     50.66 MB used.
      Class:      7.88 MB used.
       Both:     58.55 MB used.

Virtual space:
  Non-class space:       64.00 MB reserved,      50.94 MB ( 80%) committed,  1 nodes.
      Class space:        1.00 GB reserved,       8.06 MB ( <1%) committed,  1 nodes.
             Both:        1.06 GB reserved,      59.00 MB (  5%) committed. 

Chunk freelists:
   Non-Class:  12.17 MB
       Class:  7.95 MB
        Both:  20.12 MB

MaxMetaspaceSize: unlimited
CompressedClassSpaceSize: 1.00 GB
Initial GC threshold: 21.00 MB
Current GC threshold: 88.44 MB
CDS: off
MetaspaceReclaimPolicy: balanced
 - commit_granule_bytes: 65536.
 - commit_granule_words: 8192.
 - virtual_space_node_default_size: 8388608.
 - enlarge_chunks_in_place: 1.
 - new_chunks_are_fully_committed: 0.
 - uncommit_free_chunks: 1.
 - use_allocation_guard: 0.
 - handle_deallocations: 1.


Internal statistics:

num_allocs_failed_limit: 6.
num_arena_births: 454.
num_arena_deaths: 0.
num_vsnodes_births: 2.
num_vsnodes_deaths: 0.
num_space_committed: 944.
num_space_uncommitted: 0.
num_chunks_returned_to_freelist: 6.
num_chunks_taken_from_freelist: 2295.
num_chunk_merges: 6.
num_chunk_splits: 1526.
num_chunks_enlarged: 1093.
num_inconsistent_stats: 0.

CodeHeap 'non-profiled nmethods': size=120000Kb used=2162Kb max_used=3090Kb free=117837Kb
 bounds [0x000001bf9f9d0000, 0x000001bf9fce0000, 0x000001bfa6f00000]
CodeHeap 'profiled nmethods': size=120000Kb used=8831Kb max_used=10326Kb free=111168Kb
 bounds [0x000001bf97f00000, 0x000001bf98920000, 0x000001bf9f430000]
CodeHeap 'non-nmethods': size=5760Kb used=2356Kb max_used=2418Kb free=3403Kb
 bounds [0x000001bf9f430000, 0x000001bf9f6a0000, 0x000001bf9f9d0000]
 total_blobs=5242 nmethods=4376 adapters=778
 compilation: enabled
              stopped_count=0, restarted_count=0
 full_count=0

Compilation events (20 events):
Event: 10.968 Thread 0x000001bfae9b8d90 5116       4       java.util.zip.CRC32::getValue (10 bytes)
Event: 10.968 Thread 0x000001bfae9b8d90 nmethod 5116 0x000001bf9fa64690 code [0x000001bf9fa64800, 0x000001bf9fa64878]
Event: 10.971 Thread 0x000001bfae9b8d90 5117       4       java.util.zip.CRC32::<init> (5 bytes)
Event: 10.972 Thread 0x000001bfae9b8d90 nmethod 5117 0x000001bf9fae8210 code [0x000001bf9fae8380, 0x000001bf9fae83f8]
Event: 10.972 Thread 0x000001bfae9b8d90 5118       4       jdk.internal.loader.URLClassPath$JarLoader$2::getBytes (48 bytes)
Event: 10.979 Thread 0x000001bfae9b9ac0 5120       3       java.util.BitSet::get (69 bytes)
Event: 10.979 Thread 0x000001bfae9b9ac0 nmethod 5120 0x000001bf982d7690 code [0x000001bf982d78e0, 0x000001bf982d80c8]
Event: 10.979 Thread 0x000001bfae9b9ac0 5121       3       org.apache.http.message.ParserCursor::atEnd (17 bytes)
Event: 10.979 Thread 0x000001bfae9b9ac0 nmethod 5121 0x000001bf9821b190 code [0x000001bf9821b320, 0x000001bf9821b498]
Event: 10.979 Thread 0x000001bfae9b9ac0 5122       3       org.apache.http.message.ParserCursor::updatePos (100 bytes)
Event: 10.981 Thread 0x000001bfae9b9ac0 nmethod 5122 0x000001bf981eef90 code [0x000001bf981ef2c0, 0x000001bf981f0118]
Event: 11.033 Thread 0x000001bfae9b8d90 nmethod 5118 0x000001bf9fa50810 code [0x000001bf9fa50ae0, 0x000001bf9fa53580]
Event: 11.034 Thread 0x000001bfae9b8d90 5123       4       java.net.URI::match (56 bytes)
Event: 11.034 Thread 0x000001bfb4e2b430 nmethod 5073 0x000001bf9fb79910 code [0x000001bf9fb79d60, 0x000001bf9fb7fbe8]
Event: 11.035 Thread 0x000001bfae9b8d90 nmethod 5123 0x000001bf9fb79510 code [0x000001bf9fb79680, 0x000001bf9fb79758]
Event: 11.035 Thread 0x000001bfae9b8d90 5125       4       java.security.SecureClassLoader::defineClass (16 bytes)
Event: 11.036 Thread 0x000001bfb4e2b430 5124       4       jdk.internal.loader.BuiltinClassLoader::loadClass (22 bytes)
Event: 11.037 Thread 0x000001bfb4e2b430 nmethod 5124 0x000001bf9fa50190 code [0x000001bf9fa50340, 0x000001bf9fa504b8]
Event: 11.037 Thread 0x000001bfb4e2b430 5119       4       jdk.internal.loader.URLClassPath$JarLoader$2::getContentLength (9 bytes)
Event: 11.037 Thread 0x000001bfb4e2b430 nmethod 5119 0x000001bf9fae7f10 code [0x000001bf9fae8080, 0x000001bf9fae8118]

GC Heap History (20 events):
Event: 4.901 GC heap before
{Heap before GC invocations=5 (full 0):
 garbage-first heap   total 71680K, used 49589K [0x0000000080000000, 0x0000000100000000)
  region size 1024K, 31 young (31744K), 2 survivors (2048K)
 Metaspace       used 30403K, committed 30656K, reserved 1114112K
  class space    used 4092K, committed 4224K, reserved 1048576K
}
Event: 4.904 GC heap after
{Heap after GC invocations=6 (full 0):
 garbage-first heap   total 71680K, used 22506K [0x0000000080000000, 0x0000000100000000)
  region size 1024K, 4 young (4096K), 4 survivors (4096K)
 Metaspace       used 30403K, committed 30656K, reserved 1114112K
  class space    used 4092K, committed 4224K, reserved 1048576K
}
Event: 5.622 GC heap before
{Heap before GC invocations=6 (full 0):
 garbage-first heap   total 71680K, used 51178K [0x0000000080000000, 0x0000000100000000)
  region size 1024K, 33 young (33792K), 4 survivors (4096K)
 Metaspace       used 34187K, committed 34432K, reserved 1114112K
  class space    used 4702K, committed 4800K, reserved 1048576K
}
Event: 5.624 GC heap after
{Heap after GC invocations=7 (full 0):
 garbage-first heap   total 71680K, used 24042K [0x0000000080000000, 0x0000000100000000)
  region size 1024K, 4 young (4096K), 4 survivors (4096K)
 Metaspace       used 34187K, committed 34432K, reserved 1114112K
  class space    used 4702K, committed 4800K, reserved 1048576K
}
Event: 5.831 GC heap before
{Heap before GC invocations=7 (full 0):
 garbage-first heap   total 71680K, used 31210K [0x0000000080000000, 0x0000000100000000)
  region size 1024K, 13 young (13312K), 4 survivors (4096K)
 Metaspace       used 35729K, committed 36096K, reserved 1114112K
  class space    used 4931K, committed 5120K, reserved 1048576K
}
Event: 5.835 GC heap after
{Heap after GC invocations=8 (full 0):
 garbage-first heap   total 71680K, used 24612K [0x0000000080000000, 0x0000000100000000)
  region size 1024K, 3 young (3072K), 3 survivors (3072K)
 Metaspace       used 35729K, committed 36096K, reserved 1114112K
  class space    used 4931K, committed 5120K, reserved 1048576K
}
Event: 6.450 GC heap before
{Heap before GC invocations=9 (full 0):
 garbage-first heap   total 71680K, used 53284K [0x0000000080000000, 0x0000000100000000)
  region size 1024K, 32 young (32768K), 3 survivors (3072K)
 Metaspace       used 40760K, committed 41088K, reserved 1114112K
  class space    used 5421K, committed 5568K, reserved 1048576K
}
Event: 6.458 GC heap after
{Heap after GC invocations=10 (full 0):
 garbage-first heap   total 71680K, used 28795K [0x0000000080000000, 0x0000000100000000)
  region size 1024K, 4 young (4096K), 4 survivors (4096K)
 Metaspace       used 40760K, committed 41088K, reserved 1114112K
  class space    used 5421K, committed 5568K, reserved 1048576K
}
Event: 7.326 GC heap before
{Heap before GC invocations=10 (full 0):
 garbage-first heap   total 71680K, used 60539K [0x0000000080000000, 0x0000000100000000)
  region size 1024K, 30 young (30720K), 4 survivors (4096K)
 Metaspace       used 44150K, committed 44544K, reserved 1114112K
  class space    used 5827K, committed 6016K, reserved 1048576K
}
Event: 7.334 GC heap after
{Heap after GC invocations=11 (full 0):
 garbage-first heap   total 71680K, used 31128K [0x0000000080000000, 0x0000000100000000)
  region size 1024K, 3 young (3072K), 3 survivors (3072K)
 Metaspace       used 44150K, committed 44544K, reserved 1114112K
  class space    used 5827K, committed 6016K, reserved 1048576K
}
Event: 8.078 GC heap before
{Heap before GC invocations=11 (full 0):
 garbage-first heap   total 71680K, used 55704K [0x0000000080000000, 0x0000000100000000)
  region size 1024K, 27 young (27648K), 3 survivors (3072K)
 Metaspace       used 45832K, committed 46272K, reserved 1114112K
  class space    used 6062K, committed 6272K, reserved 1048576K
}
Event: 8.090 GC heap after
{Heap after GC invocations=12 (full 0):
 garbage-first heap   total 71680K, used 33758K [0x0000000080000000, 0x0000000100000000)
  region size 1024K, 3 young (3072K), 3 survivors (3072K)
 Metaspace       used 45832K, committed 46272K, reserved 1114112K
  class space    used 6062K, committed 6272K, reserved 1048576K
}
Event: 8.918 GC heap before
{Heap before GC invocations=12 (full 0):
 garbage-first heap   total 71680K, used 55262K [0x0000000080000000, 0x0000000100000000)
  region size 1024K, 24 young (24576K), 3 survivors (3072K)
 Metaspace       used 48507K, committed 48896K, reserved 1114112K
  class space    used 6488K, committed 6656K, reserved 1048576K
}
Event: 8.922 GC heap after
{Heap after GC invocations=13 (full 0):
 garbage-first heap   total 71680K, used 34463K [0x0000000080000000, 0x0000000100000000)
  region size 1024K, 1 young (1024K), 1 survivors (1024K)
 Metaspace       used 48507K, committed 48896K, reserved 1114112K
  class space    used 6488K, committed 6656K, reserved 1048576K
}
Event: 9.507 GC heap before
{Heap before GC invocations=13 (full 0):
 garbage-first heap   total 71680K, used 56991K [0x0000000080000000, 0x0000000100000000)
  region size 1024K, 23 young (23552K), 1 survivors (1024K)
 Metaspace       used 51403K, committed 51840K, reserved 1114112K
  class space    used 6958K, committed 7168K, reserved 1048576K
}
Event: 9.511 GC heap after
{Heap after GC invocations=14 (full 0):
 garbage-first heap   total 71680K, used 35914K [0x0000000080000000, 0x0000000100000000)
  region size 1024K, 3 young (3072K), 3 survivors (3072K)
 Metaspace       used 51403K, committed 51840K, reserved 1114112K
  class space    used 6958K, committed 7168K, reserved 1048576K
}
Event: 9.924 GC heap before
{Heap before GC invocations=15 (full 0):
 garbage-first heap   total 71680K, used 52298K [0x0000000080000000, 0x0000000100000000)
  region size 1024K, 20 young (20480K), 3 survivors (3072K)
 Metaspace       used 53306K, committed 53632K, reserved 1114112K
  class space    used 7278K, committed 7424K, reserved 1048576K
}
Event: 9.928 GC heap after
{Heap after GC invocations=16 (full 0):
 garbage-first heap   total 71680K, used 36983K [0x0000000080000000, 0x0000000100000000)
  region size 1024K, 3 young (3072K), 3 survivors (3072K)
 Metaspace       used 53306K, committed 53632K, reserved 1114112K
  class space    used 7278K, committed 7424K, reserved 1048576K
}
Event: 10.630 GC heap before
{Heap before GC invocations=17 (full 0):
 garbage-first heap   total 71680K, used 60535K [0x0000000080000000, 0x0000000100000000)
  region size 1024K, 24 young (24576K), 3 survivors (3072K)
 Metaspace       used 56515K, committed 57024K, reserved 1114112K
  class space    used 7649K, committed 7872K, reserved 1048576K
}
Event: 10.635 GC heap after
{Heap after GC invocations=18 (full 0):
 garbage-first heap   total 86016K, used 38185K [0x0000000080000000, 0x0000000100000000)
  region size 1024K, 3 young (3072K), 3 survivors (3072K)
 Metaspace       used 56515K, committed 57024K, reserved 1114112K
  class space    used 7649K, committed 7872K, reserved 1048576K
}

Dll operation events (3 events):
Event: 0.014 Loaded shared library C:\Program Files\Android\Android Studio3\jbr\bin\java.dll
Event: 0.156 Loaded shared library C:\Program Files\Android\Android Studio3\jbr\bin\zip.dll
Event: 0.524 Loaded shared library C:\Program Files\Android\Android Studio3\jbr\bin\verify.dll

Deoptimization events (20 events):
Event: 10.849 Thread 0x000001bfb384a4b0 DEOPT PACKING pc=0x000001bf981b787e sp=0x000000959d0f7580
Event: 10.849 Thread 0x000001bfb384a4b0 DEOPT UNPACKING pc=0x000001bf9f48ace3 sp=0x000000959d0f69f0 mode 0
Event: 10.850 Thread 0x000001bfb384a4b0 DEOPT PACKING pc=0x000001bf981b787e sp=0x000000959d0f7580
Event: 10.850 Thread 0x000001bfb384a4b0 DEOPT UNPACKING pc=0x000001bf9f48ace3 sp=0x000000959d0f69f0 mode 0
Event: 10.850 Thread 0x000001bfb384a4b0 DEOPT PACKING pc=0x000001bf981b787e sp=0x000000959d0f7580
Event: 10.850 Thread 0x000001bfb384a4b0 DEOPT UNPACKING pc=0x000001bf9f48ace3 sp=0x000000959d0f69f0 mode 0
Event: 10.851 Thread 0x000001bfb384a4b0 DEOPT PACKING pc=0x000001bf981b787e sp=0x000000959d0f7580
Event: 10.851 Thread 0x000001bfb384a4b0 DEOPT UNPACKING pc=0x000001bf9f48ace3 sp=0x000000959d0f69f0 mode 0
Event: 10.857 Thread 0x000001bfb384a4b0 Uncommon trap: trap_request=0xffffff45 fr.pc=0x000001bf9faffe5c relative=0x00000000000012bc
Event: 10.857 Thread 0x000001bfb384a4b0 Uncommon trap: reason=unstable_if action=reinterpret pc=0x000001bf9faffe5c method=java.util.concurrent.ConcurrentHashMap.putVal(Ljava/lang/Object;Ljava/lang/Object;Z)Ljava/lang/Object; @ 245 c2
Event: 10.857 Thread 0x000001bfb384a4b0 DEOPT PACKING pc=0x000001bf9faffe5c sp=0x000000959d0f7740
Event: 10.857 Thread 0x000001bfb384a4b0 DEOPT UNPACKING pc=0x000001bf9f48a1a3 sp=0x000000959d0f76b8 mode 2
Event: 10.862 Thread 0x000001bfb384a4b0 Uncommon trap: trap_request=0xffffff45 fr.pc=0x000001bf9faad890 relative=0x00000000000012b0
Event: 10.862 Thread 0x000001bfb384a4b0 Uncommon trap: reason=unstable_if action=reinterpret pc=0x000001bf9faad890 method=java.util.concurrent.ConcurrentHashMap.transfer([Ljava/util/concurrent/ConcurrentHashMap$Node;[Ljava/util/concurrent/ConcurrentHashMap$Node;)V @ 352 c2
Event: 10.862 Thread 0x000001bfb384a4b0 DEOPT PACKING pc=0x000001bf9faad890 sp=0x000000959d0f75b0
Event: 10.862 Thread 0x000001bfb384a4b0 DEOPT UNPACKING pc=0x000001bf9f48a1a3 sp=0x000000959d0f7538 mode 2
Event: 11.028 Thread 0x000001bfb384a4b0 Uncommon trap: trap_request=0xffffff45 fr.pc=0x000001bf9fbce1b4 relative=0x0000000000000194
Event: 11.028 Thread 0x000001bfb384a4b0 Uncommon trap: reason=unstable_if action=reinterpret pc=0x000001bf9fbce1b4 method=sun.net.www.ParseUtil.encodePath(Ljava/lang/String;Z)Ljava/lang/String; @ 1 c2
Event: 11.028 Thread 0x000001bfb384a4b0 DEOPT PACKING pc=0x000001bf9fbce1b4 sp=0x000000959d0f7260
Event: 11.028 Thread 0x000001bfb384a4b0 DEOPT UNPACKING pc=0x000001bf9f48a1a3 sp=0x000000959d0f7208 mode 2

Classes unloaded (0 events):
No events

Classes redefined (0 events):
No events

Internal exceptions (20 events):
Event: 10.172 Thread 0x000001bfb384a4b0 Exception <a 'java/lang/NoSuchMethodError'{0x000000008c2654b0}: static Lorg/gradle/api/internal/catalog/DependencyModel;.<clinit>()V> (0x000000008c2654b0) 
thrown [s\src\hotspot\share\prims\jni.cpp, line 1108]
Event: 10.173 Thread 0x000001bfb384a4b0 Exception <a 'java/lang/NoSuchMethodError'{0x000000008c269060}: static Lorg/gradle/api/internal/catalog/AbstractContextAwareModel;.<clinit>()V> (0x000000008c269060) 
thrown [s\src\hotspot\share\prims\jni.cpp, line 1108]
Event: 10.175 Thread 0x000001bfb384a4b0 Exception <a 'java/lang/NoSuchMethodError'{0x000000008c2832f8}: static Lorg/gradle/api/internal/artifacts/dependencies/AbstractVersionConstraint;.<clinit>()V> (0x000000008c2832f8) 
thrown [s\src\hotspot\share\prims\jni.cpp, line 1108]
Event: 10.184 Thread 0x000001bfb384a4b0 Exception <a 'java/lang/NoSuchMethodError'{0x000000008c2e5ee0}: static Lorg/gradle/api/internal/catalog/PluginModel;.<clinit>()V> (0x000000008c2e5ee0) 
thrown [s\src\hotspot\share\prims\jni.cpp, line 1108]
Event: 10.185 Thread 0x000001bfb384a4b0 Exception <a 'java/lang/NoSuchMethodError'{0x000000008c2fcd50}: static Lorg/gradle/api/internal/catalog/VersionModel;.<clinit>()V> (0x000000008c2fcd50) 
thrown [s\src\hotspot\share\prims\jni.cpp, line 1108]
Event: 10.189 Thread 0x000001bfb384a4b0 Exception <a 'java/lang/NoSuchMethodError'{0x000000008c123138}: 'void java.lang.invoke.DirectMethodHandle$Holder.invokeSpecial(java.lang.Object, java.lang.Object, java.lang.Object, int)'> (0x000000008c123138) 
thrown [s\src\hotspot\share\interpreter\linkResolver.cpp, line 771]
Event: 10.230 Thread 0x000001bfb384a4b0 Exception <a 'java/lang/ClassNotFoundException'{0x000000008c1f8558}: org/gradle/plugin/use/internal/PluginRequestCollector$PluginDependencySpecImplBeanInfo> (0x000000008c1f8558) 
thrown [s\src\hotspot\share\classfile\systemDictionary.cpp, line 256]
Event: 10.231 Thread 0x000001bfb384a4b0 Exception <a 'java/lang/ClassNotFoundException'{0x0000000083b0b958}: org/gradle/plugin/use/internal/PluginRequestCollector$PluginDependencySpecImplCustomizer> (0x0000000083b0b958) 
thrown [s\src\hotspot\share\classfile\systemDictionary.cpp, line 256]
Event: 10.234 Thread 0x000001bfb384a4b0 Exception <a 'java/lang/ClassNotFoundException'{0x0000000083b30720}: org/gradle/accessors/dm/LibrariesForLibs$JetbrainsPluginAccessorsBeanInfo> (0x0000000083b30720) 
thrown [s\src\hotspot\share\classfile\systemDictionary.cpp, line 256]
Event: 10.235 Thread 0x000001bfb384a4b0 Exception <a 'java/lang/ClassNotFoundException'{0x0000000083b41618}: org/gradle/accessors/dm/LibrariesForLibs$JetbrainsPluginAccessorsCustomizer> (0x0000000083b41618) 
thrown [s\src\hotspot\share\classfile\systemDictionary.cpp, line 256]
Event: 10.237 Thread 0x000001bfb384a4b0 Exception <a 'java/lang/ClassNotFoundException'{0x0000000083b5e758}: org/gradle/accessors/dm/LibrariesForLibs$JetbrainsKotlinPluginAccessorsBeanInfo> (0x0000000083b5e758) 
thrown [s\src\hotspot\share\classfile\systemDictionary.cpp, line 256]
Event: 10.242 Thread 0x000001bfb384a4b0 Exception <a 'java/lang/ClassNotFoundException'{0x0000000083b6fa40}: org/gradle/accessors/dm/LibrariesForLibs$JetbrainsKotlinPluginAccessorsCustomizer> (0x0000000083b6fa40) 
thrown [s\src\hotspot\share\classfile\systemDictionary.cpp, line 256]
Event: 10.389 Thread 0x000001bfb384a4b0 Exception <a 'java/lang/NoSuchMethodError'{0x00000000838c7128}: 'int java.lang.invoke.DirectMethodHandle$Holder.invokeSpecialIFC(java.lang.Object, java.lang.Object, java.lang.Object)'> (0x00000000838c7128) 
thrown [s\src\hotspot\share\interpreter\linkResolver.cpp, line 771]
Event: 10.507 Thread 0x000001bfb384a4b0 Exception <a 'java/lang/NoSuchMethodError'{0x000000008316c220}: 'java.lang.Object java.lang.invoke.DirectMethodHandle$Holder.newInvokeSpecial(java.lang.Object, java.lang.Object, java.lang.Object, java.lang.Object, java.lang.Object, int)'> (0x000000008316c220) 
thrown [s\src\hotspot\share\interpreter\linkResolver.cpp, line 771]
Event: 10.508 Thread 0x000001bfb384a4b0 Exception <a 'java/lang/NoSuchMethodError'{0x0000000083171678}: 'java.lang.Object java.lang.invoke.DirectMethodHandle$Holder.invokeSpecial(java.lang.Object, java.lang.Object, java.lang.Object, java.lang.Object, java.lang.Object, java.lang.Object, int)'> (0x0000000083171678) 
thrown [s\src\hotspot\share\interpreter\linkResolver.cpp, line 771]
Event: 10.508 Thread 0x000001bfb384a4b0 Exception <a 'java/lang/NoSuchMethodError'{0x0000000083176458}: 'java.lang.Object java.lang.invoke.Invokers$Holder.linkToTargetMethod(java.lang.Object, java.lang.Object, java.lang.Object, java.lang.Object, int, java.lang.Object)'> (0x0000000083176458) 
thrown [s\src\hotspot\share\interpreter\linkResolver.cpp, line 771]
Event: 10.519 Thread 0x000001bfb384a4b0 Exception <a 'java/lang/NoSuchMethodError'{0x00000000831a7078}: 'java.lang.Object java.lang.invoke.DirectMethodHandle$Holder.invokeSpecial(java.lang.Object, java.lang.Object, java.lang.Object, java.lang.Object, java.lang.Object, long)'> (0x00000000831a7078) 
thrown [s\src\hotspot\share\interpreter\linkResolver.cpp, line 771]
Event: 10.522 Thread 0x000001bfb384a4b0 Exception <a 'java/lang/NoSuchMethodError'{0x00000000831c8dc0}: 'void java.lang.invoke.DirectMethodHandle$Holder.invokeStatic(java.lang.Object, java.lang.Object, java.lang.Object, int, java.lang.Object)'> (0x00000000831c8dc0) 
thrown [s\src\hotspot\share\interpreter\linkResolver.cpp, line 771]
Event: 10.545 Thread 0x000001bfb384a4b0 Implicit null exception at 0x000001bf9fa0ff72 to 0x000001bf9fa105b0
Event: 10.605 Thread 0x000001bfb384a4b0 Exception <a 'sun/nio/fs/WindowsException'{0x0000000082ec03c0}> (0x0000000082ec03c0) 
thrown [s\src\hotspot\share\prims\jni.cpp, line 517]

VM Operations (20 events):
Event: 10.162 Executing VM operation: HandshakeAllThreads
Event: 10.162 Executing VM operation: HandshakeAllThreads done
Event: 10.608 Executing VM operation: HandshakeAllThreads
Event: 10.608 Executing VM operation: HandshakeAllThreads done
Event: 10.617 Executing VM operation: HandshakeAllThreads
Event: 10.617 Executing VM operation: HandshakeAllThreads done
Event: 10.619 Executing VM operation: HandshakeAllThreads
Event: 10.619 Executing VM operation: HandshakeAllThreads done
Event: 10.619 Executing VM operation: HandshakeAllThreads
Event: 10.619 Executing VM operation: HandshakeAllThreads done
Event: 10.630 Executing VM operation: G1CollectForAllocation
Event: 10.635 Executing VM operation: G1CollectForAllocation done
Event: 10.644 Executing VM operation: HandshakeAllThreads
Event: 10.644 Executing VM operation: HandshakeAllThreads done
Event: 10.699 Executing VM operation: HandshakeAllThreads
Event: 10.699 Executing VM operation: HandshakeAllThreads done
Event: 10.699 Executing VM operation: HandshakeAllThreads
Event: 10.700 Executing VM operation: HandshakeAllThreads done
Event: 10.896 Executing VM operation: HandshakeAllThreads
Event: 10.896 Executing VM operation: HandshakeAllThreads done

Events (20 events):
Event: 11.014 loading class java/util/concurrent/ConcurrentSkipListMap$KeySet
Event: 11.014 loading class java/util/concurrent/ConcurrentSkipListMap$KeySet done
Event: 11.014 loading class java/util/concurrent/ConcurrentSkipListMap$KeyIterator
Event: 11.015 loading class java/util/concurrent/ConcurrentSkipListMap$KeyIterator done
Event: 11.015 loading class java/net/InetAddress$NameServiceAddresses
Event: 11.015 loading class java/net/InetAddress$Addresses
Event: 11.015 loading class java/net/InetAddress$Addresses done
Event: 11.015 loading class java/net/InetAddress$NameServiceAddresses done
Event: 11.025 loading class sun/net/InetAddressCachePolicy
Event: 11.026 loading class sun/net/InetAddressCachePolicy done
Event: 11.026 loading class sun/net/InetAddressCachePolicy$1
Event: 11.026 loading class sun/net/InetAddressCachePolicy$1 done
Event: 11.027 loading class sun/net/InetAddressCachePolicy$2
Event: 11.027 loading class sun/net/InetAddressCachePolicy$2 done
Event: 11.027 loading class java/net/InetAddress$CachedAddresses
Event: 11.027 loading class java/net/InetAddress$CachedAddresses done
Event: 11.027 loading class javax/net/DefaultSocketFactory
Event: 11.027 loading class javax/net/DefaultSocketFactory done
Event: 11.028 loading class java/net/SocksSocketImpl$3
Event: 11.028 loading class java/net/SocksSocketImpl$3 done


Dynamic libraries:
0x00007ff6b6e90000 - 0x00007ff6b6e9a000 	C:\Program Files\Android\Android Studio3\jbr\bin\java.exe
0x00007ffe27510000 - 0x00007ffe27727000 	C:\WINDOWS\SYSTEM32\ntdll.dll
0x00007ffe25f70000 - 0x00007ffe26034000 	C:\WINDOWS\System32\KERNEL32.DLL
0x00007ffe24860000 - 0x00007ffe24c07000 	C:\WINDOWS\System32\KERNELBASE.dll
0x00007ffe25030000 - 0x00007ffe25141000 	C:\WINDOWS\System32\ucrtbase.dll
0x00007ffe0a270000 - 0x00007ffe0a287000 	C:\Program Files\Android\Android Studio3\jbr\bin\jli.dll
0x00007ffe27130000 - 0x00007ffe272de000 	C:\WINDOWS\System32\USER32.dll
0x00007ffe25150000 - 0x00007ffe25176000 	C:\WINDOWS\System32\win32u.dll
0x00007ffe26540000 - 0x00007ffe26569000 	C:\WINDOWS\System32\GDI32.dll
0x00007ffe24c80000 - 0x00007ffe24d99000 	C:\WINDOWS\System32\gdi32full.dll
0x00007ffe24e20000 - 0x00007ffe24eba000 	C:\WINDOWS\System32\msvcp_win.dll
0x00007ffe1b3e0000 - 0x00007ffe1b3fb000 	C:\Program Files\Android\Android Studio3\jbr\bin\VCRUNTIME140.dll
0x00007ffe17370000 - 0x00007ffe17603000 	C:\WINDOWS\WinSxS\amd64_microsoft.windows.common-controls_6595b64144ccf1df_6.0.22621.3527_none_270e469b73872a76\COMCTL32.dll
0x00007ffe25ec0000 - 0x00007ffe25f67000 	C:\WINDOWS\System32\msvcrt.dll
0x00007ffe27490000 - 0x00007ffe274c1000 	C:\WINDOWS\System32\IMM32.DLL
0x00007ffe0ae10000 - 0x00007ffe0af74000 	C:\Program Files (x86)\Citrix\ICA Client\ctxapclient64.dll
0x00007ffe24830000 - 0x00007ffe24858000 	C:\WINDOWS\System32\bcrypt.dll
0x00007ffe25240000 - 0x00007ffe255c8000 	C:\WINDOWS\System32\combase.dll
0x00007ffe26200000 - 0x00007ffe26315000 	C:\WINDOWS\System32\RPCRT4.dll
0x00007ffe18c90000 - 0x00007ffe18c9a000 	C:\WINDOWS\SYSTEM32\VERSION.dll
0x00007ffe26d00000 - 0x00007ffe26db2000 	C:\WINDOWS\System32\ADVAPI32.dll
0x00007ffe26490000 - 0x00007ffe26538000 	C:\WINDOWS\System32\sechost.dll
0x00007ffe23940000 - 0x00007ffe23974000 	C:\WINDOWS\SYSTEM32\ntmarta.dll
0x00007ffe24da0000 - 0x00007ffe24e19000 	C:\WINDOWS\System32\bcryptprimitives.dll
0x00007ffe23910000 - 0x00007ffe23928000 	C:\WINDOWS\SYSTEM32\kernel.appcore.dll
0x00007ffe1b470000 - 0x00007ffe1b47c000 	C:\Program Files\Android\Android Studio3\jbr\bin\vcruntime140_1.dll
0x00007ffdfae20000 - 0x00007ffdfaead000 	C:\Program Files\Android\Android Studio3\jbr\bin\msvcp140.dll
0x00007ffdd5670000 - 0x00007ffdd62f3000 	C:\Program Files\Android\Android Studio3\jbr\bin\server\jvm.dll
0x00007ffe23680000 - 0x00007ffe236cd000 	C:\WINDOWS\SYSTEM32\POWRPROF.dll
0x00007ffe0fec0000 - 0x00007ffe0fec9000 	C:\WINDOWS\SYSTEM32\WSOCK32.dll
0x00007ffe26a60000 - 0x00007ffe26ad1000 	C:\WINDOWS\System32\WS2_32.dll
0x00007ffe10d70000 - 0x00007ffe10da4000 	C:\WINDOWS\SYSTEM32\WINMM.dll
0x00007ffe23660000 - 0x00007ffe23673000 	C:\WINDOWS\SYSTEM32\UMPDC.dll
0x00007ffe1b450000 - 0x00007ffe1b45a000 	C:\Program Files\Android\Android Studio3\jbr\bin\jimage.dll
0x00007ffe21f80000 - 0x00007ffe221b2000 	C:\WINDOWS\SYSTEM32\DBGHELP.DLL
0x00007ffe26320000 - 0x00007ffe263f7000 	C:\WINDOWS\System32\OLEAUT32.dll
0x00007ffe190a0000 - 0x00007ffe190d2000 	C:\WINDOWS\SYSTEM32\dbgcore.DLL
0x00007ffe0fcf0000 - 0x00007ffe0fcfe000 	C:\Program Files\Android\Android Studio3\jbr\bin\instrument.dll
0x00007ffe0a3c0000 - 0x00007ffe0a3e5000 	C:\Program Files\Android\Android Studio3\jbr\bin\java.dll
0x00007ffe17a70000 - 0x00007ffe17a88000 	C:\Program Files\Android\Android Studio3\jbr\bin\zip.dll
0x00007ffe255e0000 - 0x00007ffe25e3c000 	C:\WINDOWS\System32\SHELL32.dll
0x00007ffe22730000 - 0x00007ffe23026000 	C:\WINDOWS\SYSTEM32\windows.storage.dll
0x00007ffe225f0000 - 0x00007ffe2272e000 	C:\WINDOWS\SYSTEM32\wintypes.dll
0x000001bfaede0000 - 0x000001bfaeed5000 	C:\WINDOWS\System32\SHCORE.dll
0x00007ffe26580000 - 0x00007ffe265de000 	C:\WINDOWS\System32\shlwapi.dll
0x00007ffe24760000 - 0x00007ffe24781000 	C:\WINDOWS\SYSTEM32\profapi.dll
0x00007ffe15c30000 - 0x00007ffe15c49000 	C:\Program Files\Android\Android Studio3\jbr\bin\net.dll
0x00007ffe1c6f0000 - 0x00007ffe1c826000 	C:\WINDOWS\SYSTEM32\WINHTTP.dll
0x00007ffe23db0000 - 0x00007ffe23e19000 	C:\WINDOWS\system32\mswsock.dll
0x00007ffe0a790000 - 0x00007ffe0a7a6000 	C:\Program Files\Android\Android Studio3\jbr\bin\nio.dll
0x00007ffe1b440000 - 0x00007ffe1b450000 	C:\Program Files\Android\Android Studio3\jbr\bin\verify.dll
0x00007ffe19450000 - 0x00007ffe19477000 	C:\Users\lil-r\.gradle\native\c067742578af261105cb4f569cf0c3c89f3d7b1fecec35dd04571415982c5e48\windows-amd64\native-platform.dll
0x00007ffdf3850000 - 0x00007ffdf3994000 	C:\Users\lil-r\.gradle\native\38dada09dfb8b06ba9b0570ebf7e218e3eb74d4ef43ca46872605cf95ebc2f47\windows-amd64\native-platform-file-events.dll
0x00007ffe183b0000 - 0x00007ffe183b9000 	C:\Program Files\Android\Android Studio3\jbr\bin\management.dll
0x00007ffe17b70000 - 0x00007ffe17b7b000 	C:\Program Files\Android\Android Studio3\jbr\bin\management_ext.dll
0x00007ffe26ae0000 - 0x00007ffe26ae8000 	C:\WINDOWS\System32\PSAPI.DLL
0x00007ffe24010000 - 0x00007ffe2402b000 	C:\WINDOWS\SYSTEM32\CRYPTSP.dll
0x00007ffe23870000 - 0x00007ffe238a5000 	C:\WINDOWS\system32\rsaenh.dll
0x00007ffe23eb0000 - 0x00007ffe23ed8000 	C:\WINDOWS\SYSTEM32\USERENV.dll
0x00007ffe24030000 - 0x00007ffe2403c000 	C:\WINDOWS\SYSTEM32\CRYPTBASE.dll
0x00007ffe23390000 - 0x00007ffe233bd000 	C:\WINDOWS\SYSTEM32\IPHLPAPI.DLL
0x00007ffe26570000 - 0x00007ffe26579000 	C:\WINDOWS\System32\NSI.dll
0x00007ffe1c620000 - 0x00007ffe1c639000 	C:\WINDOWS\SYSTEM32\dhcpcsvc6.DLL
0x00007ffe1c600000 - 0x00007ffe1c61f000 	C:\WINDOWS\SYSTEM32\dhcpcsvc.DLL
0x00007ffe233c0000 - 0x00007ffe234b8000 	C:\WINDOWS\SYSTEM32\DNSAPI.dll
0x00007ffe19100000 - 0x00007ffe19109000 	C:\Program Files\Android\Android Studio3\jbr\bin\extnet.dll
0x00007ffe1b0c0000 - 0x00007ffe1b0c8000 	C:\WINDOWS\system32\wshunix.dll
0x00007ffe1c5f0000 - 0x00007ffe1c5fa000 	C:\Windows\System32\rasadhlp.dll
0x00007ffe1b770000 - 0x00007ffe1b7f3000 	C:\WINDOWS\System32\fwpuclnt.dll

dbghelp: loaded successfully - version: 4.0.5 - missing functions: none
symbol engine: initialized successfully - sym options: 0x614 - pdb path: .;C:\Program Files\Android\Android Studio3\jbr\bin;C:\WINDOWS\SYSTEM32;C:\WINDOWS\WinSxS\amd64_microsoft.windows.common-controls_6595b64144ccf1df_6.0.22621.3527_none_270e469b73872a76;C:\Program Files (x86)\Citrix\ICA Client;C:\Program Files\Android\Android Studio3\jbr\bin\server;C:\Users\lil-r\.gradle\native\c067742578af261105cb4f569cf0c3c89f3d7b1fecec35dd04571415982c5e48\windows-amd64;C:\Users\lil-r\.gradle\native\38dada09dfb8b06ba9b0570ebf7e218e3eb74d4ef43ca46872605cf95ebc2f47\windows-amd64

VM Arguments:
jvm_args: --add-opens=java.base/java.util=ALL-UNNAMED --add-opens=java.base/java.lang=ALL-UNNAMED --add-opens=java.base/java.lang.invoke=ALL-UNNAMED --add-opens=java.prefs/java.util.prefs=ALL-UNNAMED --add-opens=java.base/java.nio.charset=ALL-UNNAMED --add-opens=java.base/java.net=ALL-UNNAMED --add-opens=java.base/java.util.concurrent.atomic=ALL-UNNAMED -Xmx2048m -Dfile.encoding=UTF-8 -Duser.country=CA -Duser.language=en -Duser.variant -javaagent:C:\Users\lil-r\.gradle\wrapper\dists\gradle-8.6-bin\afr5mpiioh2wthjmwnkmdsd5w\gradle-8.6\lib\agents\gradle-instrumentation-agent-8.6.jar 
java_command: org.gradle.launcher.daemon.bootstrap.GradleDaemon 8.6
java_class_path (initial): C:\Users\lil-r\.gradle\wrapper\dists\gradle-8.6-bin\afr5mpiioh2wthjmwnkmdsd5w\gradle-8.6\lib\gradle-launcher-8.6.jar
Launcher Type: SUN_STANDARD

[Global flags]
     intx CICompilerCount                          = 4                                         {product} {ergonomic}
     uint ConcGCThreads                            = 2                                         {product} {ergonomic}
     uint G1ConcRefinementThreads                  = 8                                         {product} {ergonomic}
   size_t G1HeapRegionSize                         = 1048576                                   {product} {ergonomic}
    uintx GCDrainStackTargetSize                   = 64                                        {product} {ergonomic}
   size_t InitialHeapSize                          = 266338304                                 {product} {ergonomic}
   size_t MarkStackSize                            = 4194304                                   {product} {ergonomic}
   size_t MaxHeapSize                              = 2147483648                                {product} {command line}
   size_t MaxNewSize                               = 1287651328                                {product} {ergonomic}
   size_t MinHeapDeltaBytes                        = 1048576                                   {product} {ergonomic}
   size_t MinHeapSize                              = 8388608                                   {product} {ergonomic}
    uintx NonNMethodCodeHeapSize                   = 5839372                                {pd product} {ergonomic}
    uintx NonProfiledCodeHeapSize                  = 122909434                              {pd product} {ergonomic}
    uintx ProfiledCodeHeapSize                     = 122909434                              {pd product} {ergonomic}
    uintx ReservedCodeCacheSize                    = 251658240                              {pd product} {ergonomic}
     bool SegmentedCodeCache                       = true                                      {product} {ergonomic}
   size_t SoftMaxHeapSize                          = 2147483648                             {manageable} {ergonomic}
     bool UseCompressedClassPointers               = true                           {product lp64_product} {ergonomic}
     bool UseCompressedOops                        = true                           {product lp64_product} {ergonomic}
     bool UseG1GC                                  = true                                      {product} {ergonomic}
     bool UseLargePagesIndividualAllocation        = false                                  {pd product} {ergonomic}

Logging:
Log output configuration:
 #0: stdout all=warning uptime,level,tags
 #1: stderr all=off uptime,level,tags

Environment Variables:
JAVA_HOME=C:\Program Files\Microsoft\jdk-17.0.11.9-hotspot\
PATH=C:\Program Files\Microsoft\jdk-17.0.11.9-hotspot\bin;C:\WINDOWS\system32;C:\WINDOWS;C:\WINDOWS\System32\Wbem;C:\WINDOWS\System32\WindowsPowerShell\v1.0\;C:\WINDOWS\System32\OpenSSH\;C:\Program Files\Git\cmd;C:\Program Files\Amazon\AWSCLIV2\;C:\Program Files (x86)\Windows Kits\10\Windows Performance Toolkit\;C:\ProgramData\chocolatey\bin;C:\Program Files\nodejs\;C:\Users\lil-r\AppData\Local\Microsoft\WindowsApps;C:\Users\lil-r\AppData\Local\Programs\Microsoft VS Code\bin;C:\Users\lil-r\AppData\Roaming\npm;C:\Users\lil-r\AppData\Local\Android\Sdk;C:\Users\lil-r\AppData\Local\Android\Sdk\platform-tools;
USERNAME=lil-r
OS=Windows_NT
PROCESSOR_IDENTIFIER=Intel64 Family 6 Model 140 Stepping 1, GenuineIntel
TMP=C:\Users\lil-r\AppData\Local\Temp
TEMP=C:\Users\lil-r\AppData\Local\Temp



Periodic native trim disabled

JNI global refs:
JNI global refs: 26, weak refs: 0

JNI global refs memory usage: 843, weak refs: 841

OOME stack traces (most recent first):
Classloader memory used:
Loader org.gradle.internal.classloader.VisitableURLClassLoader                         : 3471K
Loader bootstrap                                                                       : 2747K
Loader org.gradle.initialization.MixInLegacyTypesClassLoader                           : 1127K
Loader jdk.internal.loader.ClassLoaders$PlatformClassLoader                            : 84115B
Loader jdk.internal.loader.ClassLoaders$AppClassLoader                                 : 28729B
Loader jdk.internal.reflect.DelegatingClassLoader                                      : 17536B
Loader org.gradle.groovy.scripts.internal.DefaultScriptCompilationHandler$ScriptClassLoader: 9459B
Loader org.gradle.internal.classloader.VisitableURLClassLoader                         : 9284B
Loader org.codehaus.groovy.runtime.callsite.CallSiteClassLoader                        : 1632B

Classes loaded by more than one classloader:
Class org.gradle.internal.installation.GradleInstallation                             : loaded 2 times (x 73B)
Class org.gradle.internal.classpath.ClassPath                                         : loaded 2 times (x 68B)
Class org.gradle.api.internal.classpath.DefaultModuleRegistry                         : loaded 2 times (x 84B)
Class org.gradle.api.Action                                                           : loaded 2 times (x 68B)
Class org.gradle.api.internal.DefaultClassPathProvider                                : loaded 2 times (x 74B)
Class org.gradle.internal.installation.GradleInstallation$1                           : loaded 2 times (x 73B)
Class org.gradle.internal.classloader.FilteringClassLoader                            : loaded 2 times (x 103B)
Class org.gradle.internal.classpath.DefaultClassPath$ImmutableUniqueList$Builder      : loaded 2 times (x 73B)
Class org.gradle.internal.classloader.ClassLoaderVisitor                              : loaded 2 times (x 74B)
Class org.gradle.internal.service.DefaultServiceLocator                               : loaded 2 times (x 81B)
Class org.gradle.internal.service.UnknownServiceException                             : loaded 2 times (x 81B)
Class settings_ed2yjyelckcrq3hqwv5eirjim$_run_closure1                                : loaded 2 times (x 137B)
Class org.gradle.internal.classloader.DefaultClassLoaderFactory                       : loaded 2 times (x 80B)
Class org.gradle.internal.classloader.VisitableURLClassLoader$Spec                    : loaded 2 times (x 72B)
Class org.gradle.api.GradleException                                                  : loaded 2 times (x 80B)
Class org.gradle.api.internal.classpath.ModuleRegistry                                : loaded 2 times (x 68B)
Class settings_ed2yjyelckcrq3hqwv5eirjim                                              : loaded 2 times (x 177B)
Class org.gradle.api.internal.ClassPathProvider                                       : loaded 2 times (x 68B)
Class org.gradle.internal.classloader.ClasspathUtil$1                                 : loaded 2 times (x 74B)
Class org.gradle.internal.classloader.ClassLoaderFactory                              : loaded 2 times (x 68B)
Class org.gradle.api.internal.classpath.ManifestUtil                                  : loaded 2 times (x 69B)
Class org.gradle.api.specs.Spec                                                       : loaded 2 times (x 68B)
Class org.gradle.internal.IoActions                                                   : loaded 2 times (x 69B)
Class org.gradle.api.internal.classpath.EffectiveClassPath                            : loaded 2 times (x 88B)
Class org.gradle.internal.installation.CurrentGradleInstallation                      : loaded 2 times (x 71B)
Class org.gradle.internal.agents.InstrumentingClassLoader                             : loaded 2 times (x 68B)
Class org.gradle.internal.installation.CurrentGradleInstallationLocator               : loaded 2 times (x 69B)
Class org.gradle.api.internal.classpath.Module                                        : loaded 2 times (x 68B)
Class org.gradle.internal.service.CachingServiceLocator                               : loaded 2 times (x 80B)
Class org.gradle.internal.classpath.DefaultClassPath                                  : loaded 2 times (x 88B)
Class org.gradle.internal.classloader.SystemClassLoaderSpec                           : loaded 2 times (x 69B)
Class org.gradle.api.UncheckedIOException                                             : loaded 2 times (x 80B)
Class org.gradle.internal.classloader.ClasspathUtil                                   : loaded 2 times (x 69B)
Class settings_ed2yjyelckcrq3hqwv5eirjim$_run_closure1$_closure2                      : loaded 2 times (x 137B)
Class org.gradle.api.internal.DefaultClassPathRegistry                                : loaded 2 times (x 74B)
Class org.gradle.api.internal.classpath.DefaultModuleRegistry$DefaultModule           : loaded 2 times (x 84B)
Class org.gradle.api.internal.classpath.UnknownModuleException                        : loaded 2 times (x 80B)
Class org.gradle.internal.service.ServiceLookupException                              : loaded 2 times (x 80B)
Class org.gradle.cache.GlobalCache                                                    : loaded 2 times (x 68B)
Class [Lorg.gradle.api.internal.ClassPathProvider;                                    : loaded 2 times (x 67B)
Class org.gradle.util.internal.GUtil                                                  : loaded 2 times (x 69B)
Class org.gradle.internal.classloader.ClassLoaderSpec                                 : loaded 2 times (x 69B)
Class org.gradle.internal.classloader.VisitableURLClassLoader                         : loaded 2 times (x 115B)
Class org.gradle.internal.Cast                                                        : loaded 2 times (x 69B)
Class org.gradle.api.internal.ClassPathRegistry                                       : loaded 2 times (x 68B)
Class org.gradle.internal.classloader.VisitableURLClassLoader$InstrumentingVisitableURLClassLoader: loaded 2 times (x 121B)
Class org.gradle.internal.classloader.ClassLoaderHierarchy                            : loaded 2 times (x 68B)
Class org.gradle.internal.InternalTransformer                                         : loaded 2 times (x 68B)
Class org.gradle.internal.service.ServiceLocator                                      : loaded 2 times (x 68B)
Class org.gradle.internal.classpath.DefaultClassPath$ImmutableUniqueList              : loaded 2 times (x 159B)
Class org.gradle.internal.classpath.TransformedClassPath                              : loaded 2 times (x 94B)


---------------  S Y S T E M  ---------------

OS:
 Windows 11 , 64 bit Build 22621 (10.0.22621.3527)
OS uptime: 26 days 11:01 hours
Hyper-V role detected

CPU: total 8 (initial active 8) (4 cores per cpu, 2 threads per core) family 6 model 140 stepping 1 microcode 0x86, cx8, cmov, fxsr, ht, mmx, 3dnowpref, sse, sse2, sse3, ssse3, sse4.1, sse4.2, popcnt, lzcnt, tsc, tscinvbit, avx, avx2, aes, erms, clmul, bmi1, bmi2, adx, avx512f, avx512dq, avx512cd, avx512bw, avx512vl, sha, fma, vzeroupper, avx512_vpopcntdq, avx512_vpclmulqdq, avx512_vaes, avx512_vnni, clflush, clflushopt, clwb, avx512_vbmi2, avx512_vbmi, hv
Processor Information for processor 0
  Max Mhz: 3302, Current Mhz: 3302, Mhz Limit: 3302
Processor Information for processor 1
  Max Mhz: 3302, Current Mhz: 3302, Mhz Limit: 3302
Processor Information for processor 2
  Max Mhz: 3302, Current Mhz: 1000, Mhz Limit: 3302
Processor Information for processor 3
  Max Mhz: 3302, Current Mhz: 3302, Mhz Limit: 3302
Processor Information for processor 4
  Max Mhz: 3302, Current Mhz: 3302, Mhz Limit: 3302
Processor Information for processor 5
  Max Mhz: 3302, Current Mhz: 3302, Mhz Limit: 3302
Processor Information for processor 6
  Max Mhz: 3302, Current Mhz: 3302, Mhz Limit: 3302
Processor Information for processor 7
  Max Mhz: 3302, Current Mhz: 3302, Mhz Limit: 3302

Memory: 4k page, system-wide physical 16179M (94M free)
TotalPageFile size 65331M (AvailPageFile size 0M)
current process WorkingSet (physical memory assigned to process): 256M, peak: 262M
current process commit charge ("private bytes"): 296M, peak: 399M

vm_info: OpenJDK 64-Bit Server VM (17.0.10+0--11572160) for windows-amd64 JRE (17.0.10+0--11572160), built on Mar 13 2024 23:56:38 by "androidbuild" with MS VC++ 16.10 / 16.11 (VS2019)

END.
